{"/Users/chaseknis/Documents/Module 2/Jest testing/divide.js": {"path":"/Users/chaseknis/Documents/Module 2/Jest testing/divide.js","statementMap":{"0":{"start":{"line":2,"column":4},"end":{"line":2,"column":17}},"1":{"start":{"line":4,"column":2},"end":{"line":4,"column":26}}},"fnMap":{"0":{"name":"divide","decl":{"start":{"line":1,"column":9},"end":{"line":1,"column":15}},"loc":{"start":{"line":1,"column":22},"end":{"line":3,"column":3}},"line":1}},"branchMap":{},"s":{"0":1,"1":1},"f":{"0":1},"b":{},"_coverageSchema":"1a1c01bbd47fc00a2c39e90264f33305004495a9","hash":"a71df1b39437364ffefb1c517f5c43b1ff247bd7"}
,"/Users/chaseknis/Documents/Module 2/Jest testing/multiply.js": {"path":"/Users/chaseknis/Documents/Module 2/Jest testing/multiply.js","statementMap":{"0":{"start":{"line":2,"column":4},"end":{"line":2,"column":17}},"1":{"start":{"line":4,"column":2},"end":{"line":4,"column":28}}},"fnMap":{"0":{"name":"multiply","decl":{"start":{"line":1,"column":9},"end":{"line":1,"column":17}},"loc":{"start":{"line":1,"column":24},"end":{"line":3,"column":3}},"line":1}},"branchMap":{},"s":{"0":1,"1":1},"f":{"0":1},"b":{},"_coverageSchema":"1a1c01bbd47fc00a2c39e90264f33305004495a9","hash":"4895147da2c66373a2c422f72dae08c61688010d"}
,"/Users/chaseknis/Documents/Module 2/Jest testing/subtract.js": {"path":"/Users/chaseknis/Documents/Module 2/Jest testing/subtract.js","statementMap":{"0":{"start":{"line":2,"column":4},"end":{"line":2,"column":17}},"1":{"start":{"line":4,"column":2},"end":{"line":4,"column":28}}},"fnMap":{"0":{"name":"subtract","decl":{"start":{"line":1,"column":9},"end":{"line":1,"column":17}},"loc":{"start":{"line":1,"column":24},"end":{"line":3,"column":3}},"line":1}},"branchMap":{},"s":{"0":1,"1":1},"f":{"0":1},"b":{},"_coverageSchema":"1a1c01bbd47fc00a2c39e90264f33305004495a9","hash":"2ef86e26f9a2996a20ffef4c359086bb2b055861"}
,"/Users/chaseknis/Documents/Module 2/Jest testing/sum.js": {"path":"/Users/chaseknis/Documents/Module 2/Jest testing/sum.js","statementMap":{"0":{"start":{"line":2,"column":4},"end":{"line":2,"column":17}},"1":{"start":{"line":4,"column":2},"end":{"line":4,"column":23}}},"fnMap":{"0":{"name":"sum","decl":{"start":{"line":1,"column":9},"end":{"line":1,"column":12}},"loc":{"start":{"line":1,"column":19},"end":{"line":3,"column":3}},"line":1}},"branchMap":{},"s":{"0":1,"1":1},"f":{"0":1},"b":{},"_coverageSchema":"1a1c01bbd47fc00a2c39e90264f33305004495a9","hash":"cfbe0f6e927f69bdf3a8b8304a87b161f19d68e5"}
}
